  main.cpp
C:\Users\Aria\OneDrive\Desktop\Computer graphics\Computer graphics\main.cpp(9,18): warning C4305: 'initializing': truncation from 'double' to 'GLfloat'
C:\Users\Aria\OneDrive\Desktop\Computer graphics\Computer graphics\main.cpp(10,21): warning C4305: 'initializing': truncation from 'double' to 'GLfloat'
C:\Users\Aria\OneDrive\Desktop\Computer graphics\Computer graphics\main.cpp(11,19): warning C4305: 'initializing': truncation from 'double' to 'GLfloat'
C:\Users\Aria\OneDrive\Desktop\Computer graphics\Computer graphics\main.cpp(17,26): warning C4305: 'initializing': truncation from 'double' to 'GLfloat'
C:\Users\Aria\OneDrive\Desktop\Computer graphics\Computer graphics\main.cpp(17,31): warning C4305: 'initializing': truncation from 'double' to 'GLfloat'
C:\Users\Aria\OneDrive\Desktop\Computer graphics\Computer graphics\main.cpp(17,36): warning C4305: 'initializing': truncation from 'double' to 'GLfloat'
C:\Users\Aria\OneDrive\Desktop\Computer graphics\Computer graphics\main.cpp(29,24): warning C4305: 'argument': truncation from 'double' to 'GLfloat'
C:\Users\Aria\OneDrive\Desktop\Computer graphics\Computer graphics\main.cpp(29,19): warning C4305: 'argument': truncation from 'double' to 'GLfloat'
C:\Users\Aria\OneDrive\Desktop\Computer graphics\Computer graphics\main.cpp(29,14): warning C4305: 'argument': truncation from 'double' to 'GLfloat'
C:\Users\Aria\OneDrive\Desktop\Computer graphics\Computer graphics\main.cpp(83,27): warning C4305: '=': truncation from 'double' to 'GLfloat'
C:\Users\Aria\OneDrive\Desktop\Computer graphics\Computer graphics\main.cpp(84,27): warning C4305: '=': truncation from 'double' to 'GLfloat'
C:\Users\Aria\OneDrive\Desktop\Computer graphics\Computer graphics\main.cpp(85,25): warning C4305: '=': truncation from 'double' to 'GLfloat'
C:\Users\Aria\OneDrive\Desktop\Computer graphics\Computer graphics\main.cpp(86,25): warning C4305: '=': truncation from 'double' to 'GLfloat'
C:\Users\Aria\OneDrive\Desktop\Computer graphics\Computer graphics\main.cpp(87,24): warning C4305: '=': truncation from 'double' to 'GLfloat'
C:\Users\Aria\OneDrive\Desktop\Computer graphics\Computer graphics\main.cpp(88,24): warning C4305: '=': truncation from 'double' to 'GLfloat'
C:\Users\Aria\OneDrive\Desktop\Computer graphics\Computer graphics\main.cpp(91,45): warning C4305: '=': truncation from 'double' to 'GLfloat'
C:\Users\Aria\OneDrive\Desktop\Computer graphics\Computer graphics\main.cpp(95,70): warning C4305: '=': truncation from 'double' to 'GLfloat'
C:\Users\Aria\OneDrive\Desktop\Computer graphics\Computer graphics\main.cpp(97,29): warning C4305: '=': truncation from 'double' to 'GLfloat'
C:\Users\Aria\OneDrive\Desktop\Computer graphics\Computer graphics\main.cpp(97,49): warning C4305: '=': truncation from 'double' to 'GLfloat'
C:\Users\Aria\OneDrive\Desktop\Computer graphics\Computer graphics\main.cpp(97,69): warning C4305: '=': truncation from 'double' to 'GLfloat'
C:\Users\Aria\OneDrive\Desktop\Computer graphics\Computer graphics\main.cpp(98,29): warning C4305: '=': truncation from 'double' to 'GLfloat'
C:\Users\Aria\OneDrive\Desktop\Computer graphics\Computer graphics\main.cpp(98,49): warning C4305: '=': truncation from 'double' to 'GLfloat'
C:\Users\Aria\OneDrive\Desktop\Computer graphics\Computer graphics\main.cpp(98,69): warning C4305: '=': truncation from 'double' to 'GLfloat'
C:\Users\Aria\OneDrive\Desktop\Computer graphics\Computer graphics\main.cpp(100,49): warning C4305: '=': truncation from 'double' to 'GLfloat'
C:\Users\Aria\OneDrive\Desktop\Computer graphics\Computer graphics\main.cpp(101,49): warning C4305: '=': truncation from 'double' to 'GLfloat'
C:\Users\Aria\OneDrive\Desktop\Computer graphics\Computer graphics\main.cpp(101,70): warning C4305: '=': truncation from 'double' to 'GLfloat'
C:\Users\Aria\OneDrive\Desktop\Computer graphics\Computer graphics\main.cpp(107,24): warning C4305: '=': truncation from 'double' to 'GLfloat'
C:\Users\Aria\OneDrive\Desktop\Computer graphics\Computer graphics\main.cpp(107,44): warning C4305: '=': truncation from 'double' to 'GLfloat'
C:\Users\Aria\OneDrive\Desktop\Computer graphics\Computer graphics\main.cpp(107,64): warning C4305: '=': truncation from 'double' to 'GLfloat'
C:\Users\Aria\OneDrive\Desktop\Computer graphics\Computer graphics\main.cpp(112,20): warning C4305: '=': truncation from 'double' to 'GLfloat'
C:\Users\Aria\OneDrive\Desktop\Computer graphics\Computer graphics\main.cpp(112,40): warning C4305: '=': truncation from 'double' to 'GLfloat'
C:\Users\Aria\OneDrive\Desktop\Computer graphics\Computer graphics\main.cpp(112,58): warning C4305: '=': truncation from 'double' to 'GLfloat'
  Computer graphics.vcxproj -> C:\Users\Aria\OneDrive\Desktop\Computer graphics\x64\Debug\Computer graphics.exe
